<?xml version="1.0" encoding="UTF-8"?>
<testsuite xmlns:xsi="http://www.w3.org/2001/XMLSchema-instance" xsi:noNamespaceSchemaLocation="https://maven.apache.org/surefire/maven-surefire-plugin/xsd/surefire-test-report-3.0.xsd" version="3.0" name="TestSuite" time="33.01" tests="1" errors="0" skipped="0" failures="0">
  <properties>
    <property name="awt.toolkit" value="sun.awt.windows.WToolkit"/>
    <property name="RUN_DISPLAY_URL" value="http://localhost:8080/job/inetBankingv1_Maven/1/display/redirect"/>
    <property name="java.specification.version" value="1.8"/>
    <property name="HUDSON_HOME" value="C:\Users\darekdee\.jenkins"/>
    <property name="RUN_CHANGES_DISPLAY_URL" value="http://localhost:8080/job/inetBankingv1_Maven/1/display/redirect?page=changes"/>
    <property name="sun.cpu.isalist" value="amd64"/>
    <property name="sun.jnu.encoding" value="Cp1252"/>
    <property name="JDBC_HOME" value="C:\JDBC\sqljdbc_7.2\enu\mssql-jdbc-7.2.2.jre11.jar"/>
    <property name="SESSIONNAME" value="Console"/>
    <property name="ALLUSERSPROFILE" value="C:\ProgramData"/>
    <property name="EDM_VERSION" value="2015"/>
    <property name="sun.arch.data.model" value="64"/>
    <property name="ANDROID_HOME" value="C:\Users\darekdee\AppData\Local\Android\sdk"/>
    <property name="SystemDrive" value="C:"/>
    <property name="VS100COMNTOOLS" value="C:\Program Files (x86)\Microsoft Visual Studio 10.0\Common7\Tools\"/>
    <property name="DEFLOGDIR" value="C:\ProgramData\McAfee\Endpoint Security\Logs"/>
    <property name="java.vendor.url" value="http://java.oracle.com/"/>
    <property name="deployment.expiration.check.enabled" value="false"/>
    <property name="JENKINS_SERVER_COOKIE" value="73100adefa2a2124"/>
    <property name="USERNAME" value="darekdee"/>
    <property name="ProgramFiles(x86)" value="C:\Program Files (x86)"/>
    <property name="JENKINS_URL" value="http://localhost:8080/"/>
    <property name="sun.boot.library.path" value="C:\Program Files\Java\jdk1.8.0_131\jre\bin"/>
    <property name="sun.java.command" value="jenkins.maven3.agent.Maven35Main C:\apache-maven-3.6.0 C:\Users\darekdee\.jenkins\war\WEB-INF\lib\remoting-3.29.jar C:\Users\darekdee\.jenkins\plugins\maven-plugin\WEB-INF\lib\maven35-interceptor-1.13.jar C:\Users\darekdee\.jenkins\plugins\maven-plugin\WEB-INF\lib\maven3-interceptor-commons-1.13.jar 5681"/>
    <property name="FPS_BROWSER_USER_PROFILE_STRING" value="Default"/>
    <property name="PATHEXT" value=".COM;.EXE;.BAT;.CMD;.VBS;.VBE;.JS;.JSE;.WSF;.WSH;.MSC"/>
    <property name="maven.home" value="C:\apache-maven-3.6.0"/>
    <property name="DriverData" value="C:\Windows\System32\Drivers\DriverData"/>
    <property name="java.specification.vendor" value="Oracle Corporation"/>
    <property name="java.home" value="C:\Program Files\Java\jdk1.8.0_131\jre"/>
    <property name="JENKINS_HOME" value="C:\Users\darekdee\.jenkins"/>
    <property name="PYTHON_HOME" value="C:\Users\darekdee\AppData\Local\Programs\Python\Python37"/>
    <property name="basedir" value="C:\Users\darekdee\Automation\InetBankingV1"/>
    <property name="file.separator" value="\"/>
    <property name="line.separator" value="&#10;"/>
    <property name="NODE_NAME" value="master"/>
    <property name="HOMEPATH" value="\Users\darekdee"/>
    <property name="java.specification.name" value="Java Platform API Specification"/>
    <property name="BUILD_DISPLAY_NAME" value="#1"/>
    <property name="java.vm.specification.vendor" value="Oracle Corporation"/>
    <property name="PROCESSOR_IDENTIFIER" value="Intel64 Family 6 Model 69 Stepping 1, GenuineIntel"/>
    <property name="maven3.interceptor" value="C:\Users\darekdee\.jenkins\plugins\maven-plugin\WEB-INF\lib\maven35-interceptor-1.13.jar"/>
    <property name="PATH+MAVEN" value="C:\apache-maven-3.6.0/bin"/>
    <property name="PUBLIC" value="C:\Users\Public"/>
    <property name="maven3.interceptor.common" value="C:\Users\darekdee\.jenkins\plugins\maven-plugin\WEB-INF\lib\maven3-interceptor-commons-1.13.jar"/>
    <property name="ProgramFiles" value="C:\Program Files"/>
    <property name="windir" value="C:\WINDOWS"/>
    <property name="=::" value="::\"/>
    <property name="EDM_COREIMAGEVERSION" value="16.08.10"/>
    <property name="OneDriveCommercial" value="C:\Users\darekdee\OneDrive - Tieto Corporation"/>
    <property name="sun.boot.class.path" value="C:\Program Files\Java\jdk1.8.0_131\jre\lib\resources.jar;C:\Program Files\Java\jdk1.8.0_131\jre\lib\rt.jar;C:\Program Files\Java\jdk1.8.0_131\jre\lib\sunrsasign.jar;C:\Program Files\Java\jdk1.8.0_131\jre\lib\jsse.jar;C:\Program Files\Java\jdk1.8.0_131\jre\lib\jce.jar;C:\Program Files\Java\jdk1.8.0_131\jre\lib\charsets.jar;C:\Program Files\Java\jdk1.8.0_131\jre\lib\jfr.jar;C:\Program Files\Java\jdk1.8.0_131\jre\classes"/>
    <property name="MSMPI_BIN" value="C:\Program Files\Microsoft MPI\Bin\"/>
    <property name="user.script" value=""/>
    <property name="sun.management.compiler" value="HotSpot 64-Bit Tiered Compilers"/>
    <property name="FPS_BROWSER_APP_PROFILE_STRING" value="Internet Explorer"/>
    <property name="PROMPT" value="$P$G"/>
    <property name="JAVA_HOME" value="C:\Program Files\Java\jdk1.8.0_131"/>
    <property name="java.runtime.version" value="1.8.0_131-b11"/>
    <property name="user.name" value="darekdee"/>
    <property name="VS120COMNTOOLS" value="C:\Program Files (x86)\Microsoft Visual Studio 12.0\Common7\Tools\"/>
    <property name="OneDrive" value="C:\Users\darekdee\OneDrive - Tieto Corporation"/>
    <property name="file.encoding" value="Cp1252"/>
    <property name="APPDATA" value="C:\Users\darekdee\AppData\Roaming"/>
    <property name="=C:" value="C:\Users\darekdee\OneDrive\Self Study\IMP\Jar Files"/>
    <property name="guice.disable.misplaced.annotation.check" value="true"/>
    <property name="HUDSON_URL" value="http://localhost:8080/"/>
    <property name="WORKSPACE" value="C:\Users\darekdee\.jenkins\workspace\inetBankingv1_Maven"/>
    <property name="localRepository" value="C:\Users\darekdee\.m2\repository"/>
    <property name="Path" value="C:\Program Files\Java\jdk1.8.0_131/bin;C:\Program Files\Microsoft MPI\Bin\;C:\Program Files (x86)\Common Files\Oracle\Java\javapath;C:\WINDOWS\system32;C:\WINDOWS;C:\WINDOWS\System32\Wbem;C:\WINDOWS\System32\WindowsPowerShell\v1.0\;C:\Program Files (x86)\Google\Hangouts Plugin for Microsoft Outlook\;C:\Users\darekdee\AppData\Local\Android\sdk\platforms;C:\Users\darekdee\AppData\Local\Android\sdk\platform-tools;C:\Program Files\Java\jdk1.8.0_131\bin\bin;C:\Program Files\Microsoft SQL Server\130\Tools\Binn\;C:\Program Files\dotnet\;C:\Program Files\Java\jdk1.8.0_131\bin;c:\Program Files (x86)\Microsoft SQL Server\100\Tools\Binn\;c:\Program Files\Microsoft SQL Server\100\Tools\Binn\;c:\Program Files\Microsoft SQL Server\100\DTS\Binn\;C:\Users\darekdee\AppData\Local\Android\sdk\tools;C:\Users\darekdee\AppData\Local\Android\sdk\tools\bin;C:\Users\darekdee\AppData\Local\Android\sdk\build-tools\25.0.2;C:\Program Files (x86)\Microsoft SQL Server\110\Tools\Binn\;C:\Program Files\Microsoft SQL Server\110\Tools\Binn\;C:\Program Files\Microsoft SQL Server\110\DTS\Binn\;C:\Program Files\Microsoft SQL Server\Client SDK\ODBC\130\Tools\Binn\;C:\Program Files (x86)\Microsoft SQL Server\140\Tools\Binn\;C:\Program Files\Microsoft SQL Server\140\Tools\Binn\;C:\Program Files\Microsoft SQL Server\140\DTS\Binn\;C:\Program Files (x86)\Microsoft SQL Server\Client SDK\ODBC\130\Tools\Binn\;C:\Program Files (x86)\Microsoft SQL Server\140\DTS\Binn\;C:\Program Files (x86)\Microsoft SQL Server\140\Tools\Binn\ManagementStudio\;C:\Program Files (x86)\Microsoft SQL Server\Client SDK\ODBC\110\Tools\Binn\;C:\Program Files (x86)\Microsoft SQL Server\120\Tools\Binn\ManagementStudio\;C:\Program Files (x86)\Microsoft SQL Server\120\Tools\Binn\;C:\Program Files (x86)\Microsoft SQL Server\120\DTS\Binn\;C:\Program Files\Microsoft SQL Server\120\DTS\Binn\;C:\Program Files\Microsoft SQL Server\Client SDK\ODBC\110\Tools\Binn\;C:\Program Files\Microsoft SQL Server\120\Tools\Binn\;C:\Program Files\Microsoft\Web Platform Installer\;C:\apache-maven-3.6.0\bin;C:\Program Files\Git\cmd;C:\WINDOWS\System32\OpenSSH\;C:\JDBC\sqljdbc_7.2\enu\mssql-jdbc-7.2.2.jre11.jar\mssql-jdbc-7.2.2.jre11.jar;C:\Program Files (x86)\Microsoft SQL Server\130\Tools\Binn\;C:\Program Files (x86)\Microsoft SQL Server\130\DTS\Binn\;C:\Program Files\Microsoft SQL Server\130\DTS\Binn\;C:\Program Files (x86)\dotnet\;C:\Users\darekdee\AppData\Local\Programs\Python37\Scripts\;C:\Users\darekdee\AppData\Local\Programs\Python37\;C:\Users\darekdee\AppData\Local\Microsoft\WindowsApps;C:\Users\darekdee\.dotnet\tools"/>
    <property name="java.io.tmpdir" value="C:\Users\darekdee\AppData\Local\Temp\"/>
    <property name="java.version" value="1.8.0_131"/>
    <property name="COMPUTERNAME" value="WL304683"/>
    <property name="java.vm.specification.name" value="Java Virtual Machine Specification"/>
    <property name="java.awt.printerjob" value="sun.awt.windows.WPrinterJob"/>
    <property name="JOB_BASE_NAME" value="inetBankingv1_Maven"/>
    <property name="sun.os.patch.level" value=""/>
    <property name="ComSpec" value="C:\WINDOWS\system32\cmd.exe"/>
    <property name="org.slf4j.simpleLogger.defaultLogLevel" value="info"/>
    <property name="BUILD_NUMBER" value="1"/>
    <property name="java.library.path" value="C:\Program Files\Java\jdk1.8.0_131\bin;C:\WINDOWS\Sun\Java\bin;C:\WINDOWS\system32;C:\WINDOWS;C:\apache-maven-3.6.0/bin;C:\Program Files\Java\jdk1.8.0_131/bin;C:\Program Files\Java\jdk1.8.0_131/bin;C:\Program Files\Microsoft MPI\Bin\;C:\Program Files (x86)\Common Files\Oracle\Java\javapath;C:\WINDOWS\system32;C:\WINDOWS;C:\WINDOWS\System32\Wbem;C:\WINDOWS\System32\WindowsPowerShell\v1.0\;C:\Program Files (x86)\Google\Hangouts Plugin for Microsoft Outlook\;C:\Users\darekdee\AppData\Local\Android\sdk\platforms;C:\Users\darekdee\AppData\Local\Android\sdk\platform-tools;C:\Program Files\Java\jdk1.8.0_131\bin\bin;C:\Program Files\Microsoft SQL Server\130\Tools\Binn\;C:\Program Files\dotnet\;C:\Program Files\Java\jdk1.8.0_131\bin;c:\Program Files (x86)\Microsoft SQL Server\100\Tools\Binn\;c:\Program Files\Microsoft SQL Server\100\Tools\Binn\;c:\Program Files\Microsoft SQL Server\100\DTS\Binn\;C:\Users\darekdee\AppData\Local\Android\sdk\tools;C:\Users\darekdee\AppData\Local\Android\sdk\tools\bin;C:\Users\darekdee\AppData\Local\Android\sdk\build-tools\25.0.2;C:\Program Files (x86)\Microsoft SQL Server\110\Tools\Binn\;C:\Program Files\Microsoft SQL Server\110\Tools\Binn\;C:\Program Files\Microsoft SQL Server\110\DTS\Binn\;C:\Program Files\Microsoft SQL Server\Client SDK\ODBC\130\Tools\Binn\;C:\Program Files (x86)\Microsoft SQL Server\140\Tools\Binn\;C:\Program Files\Microsoft SQL Server\140\Tools\Binn\;C:\Program Files\Microsoft SQL Server\140\DTS\Binn\;C:\Program Files (x86)\Microsoft SQL Server\Client SDK\ODBC\130\Tools\Binn\;C:\Program Files (x86)\Microsoft SQL Server\140\DTS\Binn\;C:\Program Files (x86)\Microsoft SQL Server\140\Tools\Binn\ManagementStudio\;C:\Program Files (x86)\Microsoft SQL Server\Client SDK\ODBC\110\Tools\Binn\;C:\Program Files (x86)\Microsoft SQL Server\120\Tools\Binn\ManagementStudio\;C:\Program Files (x86)\Microsoft SQL Server\120\Tools\Binn\;C:\Program Files (x86)\Microsoft SQL Server\120\DTS\Binn\;C:\Program Files\Microsoft SQL Server\120\DTS\Binn\;C:\Program Files\Microsoft SQL Server\Client SDK\ODBC\110\Tools\Binn\;C:\Program Files\Microsoft SQL Server\120\Tools\Binn\;C:\Program Files\Microsoft\Web Platform Installer\;C:\apache-maven-3.6.0\bin;C:\Program Files\Git\cmd;C:\WINDOWS\System32\OpenSSH\;C:\JDBC\sqljdbc_7.2\enu\mssql-jdbc-7.2.2.jre11.jar\mssql-jdbc-7.2.2.jre11.jar;C:\Program Files (x86)\Microsoft SQL Server\130\Tools\Binn\;C:\Program Files (x86)\Microsoft SQL Server\130\DTS\Binn\;C:\Program Files\Microsoft SQL Server\130\DTS\Binn\;C:\Program Files (x86)\dotnet\;C:\Users\darekdee\AppData\Local\Programs\Python37\Scripts\;C:\Users\darekdee\AppData\Local\Programs\Python37\;C:\Users\darekdee\AppData\Local\Microsoft\WindowsApps;C:\Users\darekdee\.dotnet\tools;."/>
    <property name="BUILD_URL" value="http://localhost:8080/job/inetBankingv1_Maven/1/"/>
    <property name="java.vendor" value="Oracle Corporation"/>
    <property name="HOMEDRIVE" value="C:"/>
    <property name="sun.io.unicode.encoding" value="UnicodeLittle"/>
    <property name="NUMBER_OF_PROCESSORS" value="4"/>
    <property name="sun.desktop" value="windows"/>
    <property name="USERDOMAIN_ROAMINGPROFILE" value="AP"/>
    <property name="PROCESSOR_LEVEL" value="6"/>
    <property name="file.encoding.pkg" value="sun.io"/>
    <property name="webdriver.chrome.driver" value="./Drivers\chromedriver.exe"/>
    <property name="JOB_URL" value="http://localhost:8080/job/inetBankingv1_Maven/"/>
    <property name="java.class.path" value="C:\Users\darekdee\.jenkins\plugins\maven-plugin\WEB-INF\lib\maven35-agent-1.13.jar;C:\apache-maven-3.6.0\boot\plexus-classworlds-2.5.2.jar;C:\apache-maven-3.6.0/conf/logging"/>
    <property name="PROCESSOR_ARCHITECTURE" value="AMD64"/>
    <property name="java.vm.vendor" value="Oracle Corporation"/>
    <property name="PSModulePath" value="C:\Program Files\WindowsPowerShell\Modules;C:\WINDOWS\system32\WindowsPowerShell\v1.0\Modules;C:\Program Files (x86)\Microsoft SQL Server\110\Tools\PowerShell\Modules\;C:\Program Files (x86)\Microsoft SQL Server\140\Tools\PowerShell\Modules\;C:\Program Files (x86)\Microsoft SQL Server\120\Tools\PowerShell\Modules\;C:\Program Files (x86)\Microsoft SQL Server\130\Tools\PowerShell\Modules\"/>
    <property name="user.variant" value=""/>
    <property name="MAVEN_HOME" value="C:\apache-maven-3.6.0"/>
    <property name="user.timezone" value="Asia/Calcutta"/>
    <property name="maven.conf" value="C:\apache-maven-3.6.0\conf"/>
    <property name="os.name" value="Windows 10"/>
    <property name="java.vm.specification.version" value="1.8"/>
    <property name="USERDNSDOMAIN" value="AP.TIETO.COM"/>
    <property name="sun.java.launcher" value="SUN_STANDARD"/>
    <property name="user.country" value="US"/>
    <property name="BUILD_TAG" value="jenkins-inetBankingv1_Maven-1"/>
    <property name="surefire.test.class.path" value="C:\Users\darekdee\Automation\InetBankingV1\target\test-classes;C:\Users\darekdee\Automation\InetBankingV1\target\classes;C:\Users\darekdee\.m2\repository\org\testng\testng\6.14.3\testng-6.14.3.jar;C:\Users\darekdee\.m2\repository\com\beust\jcommander\1.72\jcommander-1.72.jar;C:\Users\darekdee\.m2\repository\org\apache-extras\beanshell\bsh\2.0b6\bsh-2.0b6.jar;C:\Users\darekdee\.m2\repository\io\appium\java-client\6.0.0\java-client-6.0.0.jar;C:\Users\darekdee\.m2\repository\org\seleniumhq\selenium\selenium-java\3.12.0\selenium-java-3.12.0.jar;C:\Users\darekdee\.m2\repository\org\seleniumhq\selenium\selenium-chrome-driver\3.12.0\selenium-chrome-driver-3.12.0.jar;C:\Users\darekdee\.m2\repository\org\seleniumhq\selenium\selenium-edge-driver\3.12.0\selenium-edge-driver-3.12.0.jar;C:\Users\darekdee\.m2\repository\org\seleniumhq\selenium\selenium-firefox-driver\3.12.0\selenium-firefox-driver-3.12.0.jar;C:\Users\darekdee\.m2\repository\org\seleniumhq\selenium\selenium-ie-driver\3.12.0\selenium-ie-driver-3.12.0.jar;C:\Users\darekdee\.m2\repository\org\seleniumhq\selenium\selenium-opera-driver\3.12.0\selenium-opera-driver-3.12.0.jar;C:\Users\darekdee\.m2\repository\org\seleniumhq\selenium\selenium-remote-driver\3.12.0\selenium-remote-driver-3.12.0.jar;C:\Users\darekdee\.m2\repository\org\seleniumhq\selenium\selenium-safari-driver\3.12.0\selenium-safari-driver-3.12.0.jar;C:\Users\darekdee\.m2\repository\net\bytebuddy\byte-buddy\1.8.3\byte-buddy-1.8.3.jar;C:\Users\darekdee\.m2\repository\org\apache\commons\commons-exec\1.3\commons-exec-1.3.jar;C:\Users\darekdee\.m2\repository\commons-logging\commons-logging\1.2\commons-logging-1.2.jar;C:\Users\darekdee\.m2\repository\com\google\guava\guava\23.6-jre\guava-23.6-jre.jar;C:\Users\darekdee\.m2\repository\com\google\code\findbugs\jsr305\1.3.9\jsr305-1.3.9.jar;C:\Users\darekdee\.m2\repository\org\checkerframework\checker-compat-qual\2.0.0\checker-compat-qual-2.0.0.jar;C:\Users\darekdee\.m2\repository\com\google\errorprone\error_prone_annotations\2.1.3\error_prone_annotations-2.1.3.jar;C:\Users\darekdee\.m2\repository\com\google\j2objc\j2objc-annotations\1.1\j2objc-annotations-1.1.jar;C:\Users\darekdee\.m2\repository\org\codehaus\mojo\animal-sniffer-annotations\1.14\animal-sniffer-annotations-1.14.jar;C:\Users\darekdee\.m2\repository\org\apache\httpcomponents\httpcore\4.4.6\httpcore-4.4.6.jar;C:\Users\darekdee\.m2\repository\com\squareup\okhttp3\okhttp\3.9.1\okhttp-3.9.1.jar;C:\Users\darekdee\.m2\repository\com\squareup\okio\okio\1.13.0\okio-1.13.0.jar;C:\Users\darekdee\.m2\repository\org\seleniumhq\selenium\selenium-support\3.12.0\selenium-support-3.12.0.jar;C:\Users\darekdee\.m2\repository\org\seleniumhq\selenium\selenium-api\3.12.0\selenium-api-3.12.0.jar;C:\Users\darekdee\.m2\repository\com\google\code\gson\gson\2.8.4\gson-2.8.4.jar;C:\Users\darekdee\.m2\repository\org\apache\httpcomponents\httpclient\4.5.5\httpclient-4.5.5.jar;C:\Users\darekdee\.m2\repository\cglib\cglib\3.2.6\cglib-3.2.6.jar;C:\Users\darekdee\.m2\repository\org\ow2\asm\asm\6.0\asm-6.0.jar;C:\Users\darekdee\.m2\repository\org\apache\ant\ant\1.9.6\ant-1.9.6.jar;C:\Users\darekdee\.m2\repository\org\apache\ant\ant-launcher\1.9.6\ant-launcher-1.9.6.jar;C:\Users\darekdee\.m2\repository\commons-validator\commons-validator\1.6\commons-validator-1.6.jar;C:\Users\darekdee\.m2\repository\commons-beanutils\commons-beanutils\1.9.2\commons-beanutils-1.9.2.jar;C:\Users\darekdee\.m2\repository\commons-digester\commons-digester\1.8.1\commons-digester-1.8.1.jar;C:\Users\darekdee\.m2\repository\commons-collections\commons-collections\3.2.2\commons-collections-3.2.2.jar;C:\Users\darekdee\.m2\repository\org\apache\commons\commons-lang3\3.7\commons-lang3-3.7.jar;C:\Users\darekdee\.m2\repository\commons-io\commons-io\2.6\commons-io-2.6.jar;C:\Users\darekdee\.m2\repository\org\springframework\spring-context\5.0.5.RELEASE\spring-context-5.0.5.RELEASE.jar;C:\Users\darekdee\.m2\repository\org\springframework\spring-aop\5.0.5.RELEASE\spring-aop-5.0.5.RELEASE.jar;C:\Users\darekdee\.m2\repository\org\springframework\spring-beans\5.0.5.RELEASE\spring-beans-5.0.5.RELEASE.jar;C:\Users\darekdee\.m2\repository\org\springframework\spring-core\5.0.5.RELEASE\spring-core-5.0.5.RELEASE.jar;C:\Users\darekdee\.m2\repository\org\springframework\spring-jcl\5.0.5.RELEASE\spring-jcl-5.0.5.RELEASE.jar;C:\Users\darekdee\.m2\repository\org\springframework\spring-expression\5.0.5.RELEASE\spring-expression-5.0.5.RELEASE.jar;C:\Users\darekdee\.m2\repository\org\aspectj\aspectjweaver\1.9.1\aspectjweaver-1.9.1.jar;C:\Users\darekdee\.m2\repository\org\openpnp\opencv\3.2.0-1\opencv-3.2.0-1.jar;C:\Users\darekdee\.m2\repository\javax\websocket\javax.websocket-api\1.1\javax.websocket-api-1.1.jar;C:\Users\darekdee\.m2\repository\org\glassfish\tyrus\tyrus-client\1.13.1\tyrus-client-1.13.1.jar;C:\Users\darekdee\.m2\repository\org\glassfish\tyrus\tyrus-core\1.13.1\tyrus-core-1.13.1.jar;C:\Users\darekdee\.m2\repository\org\glassfish\tyrus\tyrus-spi\1.13.1\tyrus-spi-1.13.1.jar;C:\Users\darekdee\.m2\repository\org\glassfish\tyrus\tyrus-container-grizzly\1.2.1\tyrus-container-grizzly-1.2.1.jar;C:\Users\darekdee\.m2\repository\org\glassfish\grizzly\grizzly-framework\2.3.3\grizzly-framework-2.3.3.jar;C:\Users\darekdee\.m2\repository\org\glassfish\grizzly\grizzly-http-server\2.3.3\grizzly-http-server-2.3.3.jar;C:\Users\darekdee\.m2\repository\org\glassfish\grizzly\grizzly-http\2.3.3\grizzly-http-2.3.3.jar;C:\Users\darekdee\.m2\repository\org\glassfish\grizzly\grizzly-rcm\2.3.3\grizzly-rcm-2.3.3.jar;C:\Users\darekdee\.m2\repository\io\rest-assured\rest-assured\3.0.0\rest-assured-3.0.0.jar;C:\Users\darekdee\.m2\repository\org\codehaus\groovy\groovy\2.4.6\groovy-2.4.6.jar;C:\Users\darekdee\.m2\repository\org\codehaus\groovy\groovy-xml\2.4.6\groovy-xml-2.4.6.jar;C:\Users\darekdee\.m2\repository\org\apache\httpcomponents\httpmime\4.5.1\httpmime-4.5.1.jar;C:\Users\darekdee\.m2\repository\org\hamcrest\hamcrest-core\1.3\hamcrest-core-1.3.jar;C:\Users\darekdee\.m2\repository\org\hamcrest\hamcrest-library\1.3\hamcrest-library-1.3.jar;C:\Users\darekdee\.m2\repository\org\ccil\cowan\tagsoup\tagsoup\1.2.1\tagsoup-1.2.1.jar;C:\Users\darekdee\.m2\repository\io\rest-assured\json-path\3.0.0\json-path-3.0.0.jar;C:\Users\darekdee\.m2\repository\org\codehaus\groovy\groovy-json\2.4.6\groovy-json-2.4.6.jar;C:\Users\darekdee\.m2\repository\io\rest-assured\rest-assured-common\3.0.0\rest-assured-common-3.0.0.jar;C:\Users\darekdee\.m2\repository\io\rest-assured\xml-path\3.0.0\xml-path-3.0.0.jar;C:\Users\darekdee\.m2\repository\org\json\json\20160810\json-20160810.jar;C:\Users\darekdee\.m2\repository\com\jayway\restassured\rest-assured\2.3.4\rest-assured-2.3.4.jar;C:\Users\darekdee\.m2\repository\com\jayway\restassured\json-path\2.3.4\json-path-2.3.4.jar;C:\Users\darekdee\.m2\repository\com\jayway\restassured\rest-assured-common\2.3.4\rest-assured-common-2.3.4.jar;C:\Users\darekdee\.m2\repository\com\jayway\restassured\xml-path\2.3.4\xml-path-2.3.4.jar;C:\Users\darekdee\.m2\repository\org\codehaus\groovy\groovy-all\2.3.5\groovy-all-2.3.5.jar;C:\Users\darekdee\.m2\repository\org\apache\poi\poi\4.1.0\poi-4.1.0.jar;C:\Users\darekdee\.m2\repository\commons-codec\commons-codec\1.12\commons-codec-1.12.jar;C:\Users\darekdee\.m2\repository\org\apache\commons\commons-collections4\4.3\commons-collections4-4.3.jar;C:\Users\darekdee\.m2\repository\org\apache\commons\commons-math3\3.6.1\commons-math3-3.6.1.jar;C:\Users\darekdee\.m2\repository\org\apache\poi\poi-ooxml\4.1.0\poi-ooxml-4.1.0.jar;C:\Users\darekdee\.m2\repository\org\apache\poi\poi-ooxml-schemas\4.1.0\poi-ooxml-schemas-4.1.0.jar;C:\Users\darekdee\.m2\repository\org\apache\xmlbeans\xmlbeans\3.1.0\xmlbeans-3.1.0.jar;C:\Users\darekdee\.m2\repository\org\apache\commons\commons-compress\1.18\commons-compress-1.18.jar;C:\Users\darekdee\.m2\repository\com\github\virtuald\curvesapi\1.06\curvesapi-1.06.jar;C:\Users\darekdee\.m2\repository\log4j\log4j\1.2.17\log4j-1.2.17.jar;C:\Users\darekdee\.m2\repository\com\aventstack\extentreports\3.0.0\extentreports-3.0.0.jar;C:\Users\darekdee\.m2\repository\org\freemarker\freemarker\2.3.23\freemarker-2.3.23.jar;C:\Users\darekdee\.m2\repository\org\mongodb\mongodb-driver\3.3.0\mongodb-driver-3.3.0.jar;C:\Users\darekdee\.m2\repository\org\mongodb\bson\3.3.0\bson-3.3.0.jar;C:\Users\darekdee\.m2\repository\org\mongodb\mongodb-driver-core\3.3.0\mongodb-driver-core-3.3.0.jar;"/>
    <property name="sun.cpu.endian" value="little"/>
    <property name="user.home" value="C:\Users\darekdee"/>
    <property name="user.language" value="en"/>
    <property name="ProgramData" value="C:\ProgramData"/>
    <property name="ProgramW6432" value="C:\Program Files"/>
    <property name="M2_HOME" value="C:\apache-maven-3.6.0"/>
    <property name="java.awt.graphicsenv" value="sun.awt.Win32GraphicsEnvironment"/>
    <property name="JOB_DISPLAY_URL" value="http://localhost:8080/job/inetBankingv1_Maven/display/redirect"/>
    <property name="LOCALAPPDATA" value="C:\Users\darekdee\AppData\Local"/>
    <property name="USERDOMAIN" value="AP"/>
    <property name="LOGONSERVER" value="\\APDC06"/>
    <property name="FSHARPINSTALLDIR" value="C:\Program Files (x86)\Microsoft SDKs\F#\4.1\Framework\v4.0\"/>
    <property name="path.separator" value=";"/>
    <property name="BUILD_ID" value="1"/>
    <property name="JOB_NAME" value="inetBankingv1_Maven"/>
    <property name="os.version" value="10.0"/>
    <property name="java.endorsed.dirs" value="C:\Program Files\Java\jdk1.8.0_131\jre\lib\endorsed"/>
    <property name="java.runtime.name" value="Java(TM) SE Runtime Environment"/>
    <property name="NODE_LABELS" value="master"/>
    <property name="java.vm.name" value="Java HotSpot(TM) 64-Bit Server VM"/>
    <property name="PATH+JDK" value="C:\Program Files\Java\jdk1.8.0_131/bin"/>
    <property name="CommonProgramFiles" value="C:\Program Files\Common Files"/>
    <property name="java.vendor.url.bug" value="http://bugreport.sun.com/bugreport/"/>
    <property name="OS" value="Windows_NT"/>
    <property name="user.dir" value="C:\Users\darekdee\Automation\InetBankingV1"/>
    <property name="EXECUTOR_NUMBER" value="0"/>
    <property name="os.arch" value="amd64"/>
    <property name="HUDSON_SERVER_COOKIE" value="73100adefa2a2124"/>
    <property name="PROCESSOR_REVISION" value="4501"/>
    <property name="CLASSPATH" value=""/>
    <property name="CommonProgramW6432" value="C:\Program Files\Common Files"/>
    <property name="UATDATA" value="C:\WINDOWS\CCM\UATData\D9F8C395-CAB8-491d-B8AC-179A1FE1BE77"/>
    <property name="TEMP" value="C:\Users\darekdee\AppData\Local\Temp"/>
    <property name="SystemRoot" value="C:\WINDOWS"/>
    <property name="java.vm.info" value="mixed mode"/>
    <property name="USERPROFILE" value="C:\Users\darekdee"/>
    <property name="java.vm.version" value="25.131-b11"/>
    <property name="TMP" value="C:\Users\darekdee\AppData\Local\Temp"/>
    <property name="snow_agent" value="C:\Program Files\Snow Software\Inventory\Agent"/>
    <property name="CommonProgramFiles(x86)" value="C:\Program Files (x86)\Common Files"/>
    <property name="java.ext.dirs" value="C:\Program Files\Java\jdk1.8.0_131\jre\lib\ext;C:\WINDOWS\Sun\Java\lib\ext"/>
    <property name="java.class.version" value="52.0"/>
  </properties>
  <testcase name="addNewCustomerTest" classname="com.inetBanking.testCases.TC_AddNewCustomerTest_003" time="16.558"/>
</testsuite>