<?xml version="1.0" encoding="UTF-8"?>
<!-- Generated by org.testng.reporters.JUnitReportReporter -->
<testsuite skipped="0" hostname="WL304683" name="com.inetBanking.testCases.TC_AddNewCustomerTest_003" tests="1" failures="0" timestamp="13 Jan 2020 16:27:21 GMT" time="14.391" errors="0">
  <testcase name="addNewCustomerTest" time="14.391" classname="com.inetBanking.testCases.TC_AddNewCustomerTest_003"/>
</testsuite> <!-- com.inetBanking.testCases.TC_AddNewCustomerTest_003 -->
