<?xml version="1.0" encoding="UTF-8"?>
<!-- Generated by org.testng.reporters.JUnitReportReporter -->
<testsuite skipped="0" hostname="WL304683" name="com.inetBanking.testCases.TC_LoginTest_001" tests="1" failures="0" timestamp="13 Jan 2020 16:30:53 GMT" time="3.750" errors="0">
  <testcase name="loginTest" time="3.750" classname="com.inetBanking.testCases.TC_LoginTest_001"/>
</testsuite> <!-- com.inetBanking.testCases.TC_LoginTest_001 -->
